make.exe all --print-data-base --no-builtin-variables --no-builtin-rules --question
# GNU Make 3.81
# Copyright (C) 2006  Free Software Foundation, Inc.
# This is free software; see the source for copying conditions.
# There is NO warranty; not even for MERCHANTABILITY or FITNESS FOR A
# PARTICULAR PURPOSE.

# This program built for i386-pc-mingw32
 

# Make data base, printed on Wed Mar 30 12:10:28 2022

# Variables

# automatic
<D = $(patsubst %/,%,$(dir $<))
# automatic
?F = $(notdir $?)
# environment
WSLENV = WT_SESSION::WT_PROFILE_ID
# environment
ELECTRON_NO_ATTACH_CONSOLE = 1
# makefile
MAKEFLAGS = Rrqp
# environment
VSCODE_LOG_NATIVE = false
# automatic
?D = $(patsubst %/,%,$(dir $?))
# automatic
@D = $(patsubst %/,%,$(dir $@))
# environment
HOMEDRIVE = C:
# automatic
@F = $(notdir $@)
# automatic
^D = $(patsubst %/,%,$(dir $^))
# makefile
CURDIR := d:/Ualberta/Year 2/CMPUT 291/projects/291-miniproject-2
# default
SHELL := sh.exe
# environment
WINDIR = C:\WINDOWS
# environment
VSCODE_NLS_CONFIG = {"locale":"en-us","availableLanguages":{},"_languagePackSupport":true}
# environment
ONEDRIVE = C:\Users\shehr\OneDrive
# environment
PATHEXT = .COM;.EXE;.BAT;.CMD;.VBS;.VBE;.JS;.JSE;.WSF;.WSH;.MSC;.CPL
# makefile (from `makefile', line 1)
MAKEFILE_LIST :=  makefile
# environment
TMP = C:\Users\shehr\AppData\Local\Temp
# environment
VSCODE_VERBOSE_LOGGING = true
# environment
PROGRAMW6432 = C:\Program Files
# environment
PROGRAMDATA = C:\ProgramData
# environment
VSCODE_IPC_HOOK_EXTHOST = \\.\pipe\vscode-ipc-e629b5a9-30a0-459c-8986-fb92e7f77a05-sock
# environment
VSCODE_CWD = D:\Ualberta\Year 2\CMPUT 291\projects\291-miniproject-2
# environment
PATH = C:\Program Files\WindowsApps\Microsoft.PowerShell_7.2.2.0_x64__8wekyb3d8bbwe;C:\Program Files (x86)\VMware\VMware Player\bin\;C:\Program Files\Amazon Corretto\jdk1.8.0_292\bin;C:\Program Files\Common Files\Oracle\Java\javapath;C:\Windows\system32;C:\Windows;C:\Windows\System32\Wbem;C:\Windows\System32\WindowsPowerShell\v1.0\;C:\Windows\System32\OpenSSH\;C:\Program Files (x86)\NVIDIA Corporation\PhysX\Common;C:\Program Files\NVIDIA Corporation\NVIDIA NvDLISR;C:\Program Files\Git\cmd;C:\Program Files\Docker\Docker\resources\bin;C:\ProgramData\DockerDesktop\version-bin;C:\MinGW\bin;C:\WINDOWS\system32;C:\WINDOWS;C:\WINDOWS\System32\Wbem;C:\WINDOWS\System32\WindowsPowerShell\v1.0\;C:\WINDOWS\System32\OpenSSH\;C:\Program Files\PuTTY\;C:\Program Files\nodejs\;C:\Program Files\MongoDB\Server\5.2\bin\;C:\Users\shehr\AppData\Local\Programs\Python\Python39\Scripts\;C:\Users\shehr\AppData\Local\Programs\Python\Python39\;C:\Users\shehr\AppData\Local\Microsoft\WindowsApps;C:\Users\shehr\AppData\Local\Programs\Microsoft VS Code\bin;C:\Users\shehr\AppData\Local\Programs\MiKTeX\miktex\bin\x64\;C:\Users\shehr\AppData\Roaming\npm;C:\Program Files (x86)\Vim\vim82;C:\Program Files (x86)\GnuWin32\bin;C:\Users\shehr\AppData\Local\Programs\oh-my-posh\bin;C:\Users\shehr\AppData\Local\Programs\mongosh\
# environment
COMMONPROGRAMW6432 = C:\Program Files\Common Files
# environment
PROCESSOR_ARCHITECTURE = x86
# environment
USERPROFILE = C:\Users\shehr
# environment
ALLUSERSPROFILE = C:\ProgramData
# environment
LOGONSERVER = \\DESKTOP-1P7PUOB
# environment
VSCODE_LOG_STACK = false
# environment
NUMBER_OF_PROCESSORS = 12
# environment
ELECTRON_RUN_AS_NODE = 1
# default
.FEATURES := target-specific order-only second-expansion else-if archives
# automatic
%F = $(notdir $%)
# environment
POSH_THEMES_PATH = C:\Users\shehr\AppData\Local\Programs\oh-my-posh\themes
# environment
CHROME_CRASHPAD_PIPE_NAME = \\.\pipe\crashpad_18840_KRJKBNAHUCMHTYNN
# environment
VSCODE_PIPE_LOGGING = true
# environment
COMPUTERNAME = DESKTOP-1P7PUOB
# environment
PROGRAMFILES = C:\Program Files (x86)
# environment
DRIVERDATA = C:\Windows\System32\Drivers\DriverData
# environment
ORIGINAL_XDG_CURRENT_DESKTOP = undefined
# environment
WT_SESSION = 62a246bd-2c39-40a7-934a-0887ea80c1d4
# environment
USERNAME = shehr
# environment
PUBLIC = C:\Users\Public
# environment
VSCODE_AMD_ENTRYPOINT = vs/workbench/api/node/extensionHostProcess
# environment
POWERLINE_COMMAND = oh-my-posh
# environment
VSCODE_CLI = 1
# environment
VSCODE_CODE_CACHE_PATH = C:\Users\shehr\AppData\Roaming\Code\CachedData\c722ca6c7eed3d7987c0d5c3df5c45f6b15e77d1
# environment
APPLICATION_INSIGHTS_NO_DIAGNOSTIC_CHANNEL = true
# environment
COMMONPROGRAMFILES = C:\Program Files (x86)\Common Files
# environment
CONDA_PROMPT_MODIFIER = False
# environment
ONEDRIVECONSUMER = C:\Users\shehr\OneDrive
# environment
VSCODE_HANDLES_UNCAUGHT_ERRORS = true
# environment
USERDOMAIN = DESKTOP-1P7PUOB
# default
MAKE = $(MAKE_COMMAND)
# default
MAKECMDGOALS := all
# environment
POSH_THEME = C:\Users\shehr\OneDrive\Documents\PowerShell\prompts\atomic.json
# environment
JAVA_HOME = C:\Program Files\Amazon Corretto\jdk1.8.0_292
# default
MAKE_VERSION := 3.81
# makefile
.DEFAULT_GOAL := run
# environment
PROGRAMFILES(X86) = C:\Program Files (x86)
# automatic
%D = $(patsubst %/,%,$(dir $%))
# environment
LOCALAPPDATA = C:\Users\shehr\AppData\Local
# environment
PSMODULEPATH = C:\Users\shehr\OneDrive\Documents\PowerShell\Modules;C:\Program Files\PowerShell\Modules;c:\program files\windowsapps\microsoft.powershell_7.2.2.0_x64__8wekyb3d8bbwe\Modules;C:\Program Files\WindowsPowerShell\Modules;C:\WINDOWS\system32\WindowsPowerShell\v1.0\Modules
# default
MAKE_COMMAND := make.exe
# environment
PROCESSOR_ARCHITEW6432 = AMD64
# default
.VARIABLES := 
# automatic
*F = $(notdir $*)
# environment
PROCESSOR_IDENTIFIER = Intel64 Family 6 Model 158 Stepping 10, GenuineIntel
# environment
OS = Windows_NT
# environment
VSCODE_IPC_HOOK = \\.\pipe\449eb6a02702099e352299337a55134c-1.65.2-main-sock
# environment
HOMEPATH = \Users\shehr
# environment
COMMONPROGRAMFILES(X86) = C:\Program Files (x86)\Common Files
# environment
PROMPT = $P$G
# environment
MFLAGS = -Rrqp
# automatic
*D = $(patsubst %/,%,$(dir $*))
# environment
SYSTEMROOT = C:\WINDOWS
# automatic
+D = $(patsubst %/,%,$(dir $+))
# automatic
+F = $(notdir $+)
# environment
APPDATA = C:\Users\shehr\AppData\Roaming
# environment
POSH_GIT_ENABLED = False
# environment
TEMP = C:\Users\shehr\AppData\Local\Temp
# environment
WT_PROFILE_ID = {574e775e-4f2a-5b96-ac1e-a2962a402336}
# environment
COMSPEC = C:\WINDOWS\system32\cmd.exe
# default
MAKEFILES := 
# automatic
<F = $(notdir $<)
# environment
LC_ALL = C
# automatic
^F = $(notdir $^)
# default
SUFFIXES := 
# environment
SYSTEMDRIVE = C:
# environment
PROCESSOR_REVISION = 9e0a
# environment
VS140COMNTOOLS = C:\Program Files (x86)\Microsoft Visual Studio 14.0\Common7\Tools\
# environment
MAKELEVEL := 0
# environment
LANG = C
# environment
PROCESSOR_LEVEL = 6
# environment
VSCODE_PID = 18840
# environment
USERDOMAIN_ROAMINGPROFILE = DESKTOP-1P7PUOB
# variable set hash-table stats:
# Load=98/1024=10%, Rehash=0, Collisions=10/118=8%

# Pattern-specific Variable Values

# No pattern-specific variable values.

# Directories

# C:\Program Files\Common Files\Oracle\Java\javapath (key C:/Program Files/Common Files/Oracle/Java/javapath, mtime 1619761171): 6 files, no impossibilities.
# C:\Program Files\Docker\Docker\resources\bin (key C:/Program Files/Docker/Docker/resources/bin, mtime 1623193423): 13 files, no impossibilities.
# C:\Windows\System32\WindowsPowerShell\v1.0\ (key C:/Windows/System32/WindowsPowerShell/v1.0/, mtime 1622898672): 30 files, no impossibilities.
# C:\Windows\System32\Wbem (key C:/Windows/System32/Wbem, mtime 1642055326): 155 files, no impossibilities.
# . (key d:/Ualberta/Year 2/CMPUT 291/projects/291-miniproject-2, mtime 1648656149): 27 files, no impossibilities.
# C:\Program Files (x86)\NVIDIA Corporation\PhysX\Common (key C:/Program Files (x86)/NVIDIA Corporation/PhysX/Common, mtime 1603900537): 10 files, no impossibilities.
# C:\Program Files\nodejs\ (key C:/Program Files/nodejs/, mtime 1631990273): 11 files, no impossibilities.
# C:\Program Files\MongoDB\Server\5.2\bin\ (key C:/Program Files/MongoDB/Server/5.2/bin/, mtime 1646962835): 5 files, no impossibilities.
# C:\MinGW\bin (key C:/MinGW/bin, mtime 1625884401): 144 files, no impossibilities.
# C:\Program Files\Amazon Corretto\jdk1.8.0_292\bin (key C:/Program Files/Amazon Corretto/jdk1.8.0_292/bin, mtime 1620079806): 55 files, no impossibilities.
# C:\Windows\System32\OpenSSH\: could not be stat'd.
# C:\Program Files\PuTTY\ (key C:/Program Files/PuTTY/, mtime 1630561938): 12 files, no impossibilities.
# C:\Users\shehr\AppData\Local\Programs\Microsoft VS Code\bin (key C:/Users/shehr/App 
Data/Local/Programs/Microsoft VS Code/bin, mtime 1646958824): 4 files, no impossibilities.
# C:\Windows (key C:/Windows, mtime 1642916405): 128 files, no impossibilities.
# C:\Users\shehr\AppData\Local\Programs\mongosh\ (key C:/Users/shehr/AppData/Local/Programs/mongosh/, mtime 1646962927): 8 files, no impossibilities.
# C:\Users\shehr\AppData\Roaming\npm (key C:/Users/shehr/AppData/Roaming/npm, mtime 1631993036): 6 files, no impossibilities.
# C:\Program Files (x86)\Vim\vim82 (key C:/Program Files (x86)/Vim/vim82, mtime 1632704726): 56 files, no impossibilities.
# C:\Users\shehr\AppData\Local\Programs\oh-my-posh\bin (key C:/Users/shehr/AppData/Local/Programs/oh-my-posh/bin, mtime 1646903013): 3 files, no impossibilities.
# C:\Users\shehr\AppData\Local\Programs\MiKTeX\miktex\bin\x64\ (key C:/Users/shehr/AppData/Local/Programs/MiKTeX/miktex/bin/x64/, mtime 1627706077): 677 files, no impossibilities.
# C:\ProgramData\DockerDesktop\version-bin (key C:/ProgramData/DockerDesktop/version-bin, mtime 1623193471): 2 files, no impossibilities.
# C:\Program Files\WindowsApps\Microsoft.PowerShell_7.2.2.0_x64__8wekyb3d8bbwe: could not be stat'd.
# C:\Program Files\Git\cmd (key C:/Program Files/Git/cmd, mtime 1613789339): 8 files, no impossibilities.
# C:\Windows\system32 (key C:/Windows/system32, mtime 1648605191): 3009 files, no impossibilities.
# C:\Users\shehr\AppData\Local\Programs\Python\Python39\ (key C:/Users/shehr/AppData/Local/Programs/Python/Python39/, mtime 1631247641): 21 files, no impossibilities.
# C:\Users\shehr\AppData\Local\Microsoft\WindowsApps (key C:/Users/shehr/AppData/Local/Microsoft/WindowsApps, mtime 1648015214): 36 files, no impossibilities.
# C:\Program Files (x86)\VMware\VMware Player\bin\ (key C:/Program Files (x86)/VMware/VMware Player/bin/, mtime 1625876164): 4 files, no impossibilities.
# C:\Users\shehr\AppData\Local\Programs\Python\Python39\Scripts\ (key C:/Users/shehr/AppData/Local/Programs/Python/Python39/Scripts/, mtime 1646958839): 61 files, no impossibilities.
# C:\Program Files\NVIDIA Corporation\NVIDIA NvDLISR (key C:/Program Files/NVIDIA Corporation/NVIDIA NvDLISR, mtime 1603900555): 5 files, no impossibilities.
# C:\Program Files (x86)\GnuWin32\bin (key C:/Program Files (x86)/GnuWin32/bin, mtime 1636519497): 5 files, no impossibilities.

# 4501 files, no impossibilities in 29 directories.

# Implicit Rules

# No implicit rules.

# Files

# Not a target:
all:
#  Command-line target.
#  Implicit rule search has been done.
#  File does not exist.
#  File has not been updated.
# variable set 
 hash-table stats:
# Load=0/32=0%, Rehash=0, Collisions=0/0=0%

# Not a target:
.DEFAULT:
#  Implicit rule search has not been done.
#  Modification time never checked.
#  File has not been updated.

# Not a target:
makefile:
#  Implicit rule search has been done.
#  Last modified 2022-03-29 12:37:28
#  File has been updated.
#  Successfully updated.
# variable set hash-table stats:
# Load=0/32=0%, Rehash=0, Collisions=0/0=0%

startDB:
#  Implicit rule search has not been done.
#  Modification time never checked.
#  File has not been updated.
#  commands to execute (from `makefile', line 5):
	mongod --port 27012 --dbpath mongoDBDataFolder
	

# Not a target:
.SUFFIXES:
#  Implicit rule search has not been done.
#  Modification time never checked.
#  File has not been updated.

run:
#  Implicit rule search has not been done.
#  Modification time never checked.
#  File has not been updated.
#  commands to execute (from `makefile', line 2):
	python3 main.py
	

checkDB:
#  Implicit rule search has not been done.
#  Modification time never checked.
#  File has not been updated.
#  commands to execute (from `makefile', line 8):
	mongo --port 27012 
	

# files hash-table stats:
# Load=7/1024=1%, Rehash=0, Collisions=0/18=0%
# VPATH Search Paths

# No `vpath' search paths.

# No general (`VPATH' variable) search path.

# # of strings in strcache: 1
# # of strcache buffers: 1
# strcache size: total = 4096 / max = 4096 / min = 4096 / avg = 4096
# strcache free: total = 4087 / max = 4087 / min = 4087 / avg = 4087

# Finished Make data base on Wed Mar 30 12:10:28 2022

 
make.exe: *** No rule to make target `all'.  Stop.
 
